<?xml version="1.0" encoding="UTF-8" standalone="no"?><testsuite errors="1" failures="0" name="as a quality analyst" skipped="0" tests="1" time="6.75" timestamp="2022-12-15 11:12:01"><testcase name="register user in the page"><error message="Could not find a matching constructor for class class com.petstore.octoperf.tasks.register with parameters [com.petstore.octoperf.models.RegisterUser@52a17469]" type="java.lang.IllegalArgumentException">Could not find a matching constructor for class class com.petstore.octoperf.tasks.register with parameters [com.petstore.octoperf.models.RegisterUser@52a17469]</error><system-err>Could not find a matching constructor for class class com.petstore.octoperf.tasks.register with parameters [com.petstore.octoperf.models.RegisterUser@52a17469]&#13;
com.petstore.octoperf.tasks.register.format(register.java:52)&#13;
com.petstore.octoperf.stepdefinitions.RegisterUserStepDefinitions.theActorIsRegisterInThePage(RegisterUserStepDefinitions.java:20)&#13;
✽.the actor is register in the page(file:///C:/Users/epalacios/Desktop/Repos/PruebaQvision/Web/src/test/resources/features/registeruser.feature:11)&#13;
</system-err></testcase></testsuite>